[    0.000000] Linux version 4.15.0-70-generic (buildd@lgw01-amd64-055) (gcc version 7.4.0 (Ubuntu 7.4.0-1ubuntu1~18.04.1)) #79-Ubuntu SMP Tue Nov 12 10:36:11 UTC 2019 (Ubuntu 4.15.0-70.79-generic 4.15.18)
[    0.000000] Command line: BOOT_IMAGE=/boot/vmlinuz-4.15.0-70-generic root=LABEL=cloudimg-rootfs ro console=tty1 console=ttyS0
[    0.000000] KERNEL supported cpus:
[    0.000000]   Intel GenuineIntel
[    0.000000]   AMD AuthenticAMD
[    0.000000]   Centaur CentaurHauls
[    0.000000] x86/fpu: Supporting XSAVE feature 0x001: 'x87 floating point registers'
[    0.000000] x86/fpu: Supporting XSAVE feature 0x002: 'SSE registers'
[    0.000000] x86/fpu: Supporting XSAVE feature 0x004: 'AVX registers'
[    0.000000] x86/fpu: xstate_offset[2]:  576, xstate_sizes[2]:  256
[    0.000000] x86/fpu: Enabled xstate features 0x7, context size is 832 bytes, using 'standard' format.
[    0.000000] e820: BIOS-provided physical RAM map:
[    0.000000] BIOS-e820: [mem 0x0000000000000000-0x000000000009fbff] usable
[    0.000000] BIOS-e820: [mem 0x000000000009fc00-0x000000000009ffff] reserved
[    0.000000] BIOS-e820: [mem 0x00000000000f0000-0x00000000000fffff] reserved
[    0.000000] BIOS-e820: [mem 0x0000000000100000-0x00000000be7effff] usable
[    0.000000] BIOS-e820: [mem 0x00000000be7f0000-0x00000000be7fffff] ACPI data
[    0.000000] BIOS-e820: [mem 0x00000000fec00000-0x00000000fec00fff] reserved
[    0.000000] BIOS-e820: [mem 0x00000000fee00000-0x00000000fee00fff] reserved
[    0.000000] BIOS-e820: [mem 0x00000000fffc0000-0x00000000ffffffff] reserved
[    0.000000] NX (Execute Disable) protection: active
[    0.000000] SMBIOS 2.5 present.
[    0.000000] DMI: innotek GmbH VirtualBox/VirtualBox, BIOS VirtualBox 12/01/2006
[    0.000000] Hypervisor detected: KVM
[    0.000000] e820: last_pfn = 0xbe7f0 max_arch_pfn = 0x400000000
[    0.000000] MTRR: Disabled
[    0.000000] x86/PAT: MTRRs disabled, skipping PAT initialization too.
[    0.000000] CPU MTRRs all blank - virtualized system.
[    0.000000] x86/PAT: Configuration [0-7]: WB  WT  UC- UC  WB  WT  UC- UC  
[    0.000000] found SMP MP-table at [mem 0x0009fff0-0x0009ffff]
[    0.000000] Scanning 1 areas for low memory corruption
[    0.000000] RAMDISK: [mem 0x35a89000-0x36d3bfff]
[    0.000000] ACPI: Early table checksum verification disabled
[    0.000000] ACPI: RSDP 0x00000000000E0000 000024 (v02 VBOX  )
[    0.000000] ACPI: XSDT 0x00000000BE7F0030 00003C (v01 VBOX   VBOXXSDT 00000001 ASL  00000061)
[    0.000000] ACPI: FACP 0x00000000BE7F00F0 0000F4 (v04 VBOX   VBOXFACP 00000001 ASL  00000061)
[    0.000000] ACPI: DSDT 0x00000000BE7F0470 0021FF (v02 VBOX   VBOXBIOS 00000002 INTL 20180105)
[    0.000000] ACPI: FACS 0x00000000BE7F0200 000040
[    0.000000] ACPI: FACS 0x00000000BE7F0200 000040
[    0.000000] ACPI: APIC 0x00000000BE7F0240 00005C (v02 VBOX   VBOXAPIC 00000001 ASL  00000061)
[    0.000000] ACPI: SSDT 0x00000000BE7F02A0 0001CC (v01 VBOX   VBOXCPUT 00000002 INTL 20180105)
[    0.000000] No NUMA configuration found
[    0.000000] Faking a node at [mem 0x0000000000000000-0x00000000be7effff]
[    0.000000] NODE_DATA(0) allocated [mem 0xbe7c5000-0xbe7effff]
[    0.000000] kvm-clock: cpu 0, msr 0:be744001, primary cpu clock
[    0.000000] kvm-clock: Using msrs 4b564d01 and 4b564d00
[    0.000000] kvm-clock: using sched offset of 3908111347 cycles
[    0.000000] clocksource: kvm-clock: mask: 0xffffffffffffffff max_cycles: 0x1cd42e4dffb, max_idle_ns: 881590591483 ns
[    0.000000] Zone ranges:
[    0.000000]   DMA      [mem 0x0000000000001000-0x0000000000ffffff]
[    0.000000]   DMA32    [mem 0x0000000001000000-0x00000000be7effff]
[    0.000000]   Normal   empty
[    0.000000]   Device   empty
[    0.000000] Movable zone start for each node
[    0.000000] Early memory node ranges
[    0.000000]   node   0: [mem 0x0000000000001000-0x000000000009efff]
[    0.000000]   node   0: [mem 0x0000000000100000-0x00000000be7effff]
[    0.000000] Reserved but unavailable: 98 pages
[    0.000000] Initmem setup node 0 [mem 0x0000000000001000-0x00000000be7effff]
[    0.000000] ACPI: PM-Timer IO Port: 0x4008
[    0.000000] IOAPIC[0]: apic_id 2, version 32, address 0xfec00000, GSI 0-23
[    0.000000] ACPI: INT_SRC_OVR (bus 0 bus_irq 0 global_irq 2 dfl dfl)
[    0.000000] ACPI: INT_SRC_OVR (bus 0 bus_irq 9 global_irq 9 low level)
[    0.000000] Using ACPI (MADT) for SMP configuration information
[    0.000000] smpboot: Allowing 2 CPUs, 0 hotplug CPUs
[    0.000000] PM: Registered nosave memory: [mem 0x00000000-0x00000fff]
[    0.000000] PM: Registered nosave memory: [mem 0x0009f000-0x0009ffff]
[    0.000000] PM: Registered nosave memory: [mem 0x000a0000-0x000effff]
[    0.000000] PM: Registered nosave memory: [mem 0x000f0000-0x000fffff]
[    0.000000] e820: [mem 0xbe800000-0xfebfffff] available for PCI devices
[    0.000000] Booting paravirtualized kernel on KVM
[    0.000000] clocksource: refined-jiffies: mask: 0xffffffff max_cycles: 0xffffffff, max_idle_ns: 7645519600211568 ns
[    0.000000] random: get_random_bytes called from start_kernel+0x99/0x4fd with crng_init=0
[    0.000000] setup_percpu: NR_CPUS:8192 nr_cpumask_bits:2 nr_cpu_ids:2 nr_node_ids:1
[    0.000000] percpu: Embedded 45 pages/cpu s147456 r8192 d28672 u1048576
[    0.000000] PV qspinlock hash table entries: 256 (order: 0, 4096 bytes)
[    0.000000] Built 1 zonelists, mobility grouping on.  Total pages: 767961
[    0.000000] Policy zone: DMA32
[    0.000000] Kernel command line: BOOT_IMAGE=/boot/vmlinuz-4.15.0-70-generic root=LABEL=cloudimg-rootfs ro console=tty1 console=ttyS0
[    0.000000] Memory: 3023248K/3120696K available (12300K kernel code, 2481K rwdata, 4264K rodata, 2432K init, 2388K bss, 97448K reserved, 0K cma-reserved)
[    0.000000] SLUB: HWalign=64, Order=0-3, MinObjects=0, CPUs=2, Nodes=1
[    0.000000] Kernel/User page tables isolation: enabled
[    0.000000] ftrace: allocating 39315 entries in 154 pages
[    0.004000] Hierarchical RCU implementation.
[    0.004000] 	RCU restricting CPUs from NR_CPUS=8192 to nr_cpu_ids=2.
[    0.004000] 	Tasks RCU enabled.
[    0.004000] RCU: Adjusting geometry for rcu_fanout_leaf=16, nr_cpu_ids=2
[    0.004000] NR_IRQS: 524544, nr_irqs: 440, preallocated irqs: 16
[    0.004000] Console: colour VGA+ 80x25
[    0.004000] console [tty1] enabled
[    0.004000] console [ttyS0] enabled
[    0.004000] ACPI: Core revision 20170831
[    0.004000] ACPI: 2 ACPI AML tables successfully acquired and loaded
[    0.004000] APIC: Switch to symmetric I/O mode setup
[    0.004000] x2apic enabled
[    0.004000] Switched APIC routing to physical x2apic.
[    0.004000] ..TIMER: vector=0x30 apic1=0 pin1=2 apic2=-1 pin2=-1
[    0.004006] tsc: Detected 1696.158 MHz processor
[    0.004980] Calibrating delay loop (skipped) preset value.. 3392.31 BogoMIPS (lpj=6784632)
[    0.008004] pid_max: default: 32768 minimum: 301
[    0.009020] Security Framework initialized
[    0.009902] Yama: becoming mindful.
[    0.010697] AppArmor: AppArmor initialized
[    0.013305] Dentry cache hash table entries: 524288 (order: 10, 4194304 bytes)
[    0.020241] Inode-cache hash table entries: 262144 (order: 9, 2097152 bytes)
[    0.021774] Mount-cache hash table entries: 8192 (order: 4, 65536 bytes)
[    0.023139] Mountpoint-cache hash table entries: 8192 (order: 4, 65536 bytes)
[    0.024355] Last level iTLB entries: 4KB 512, 2MB 8, 4MB 8
[    0.025570] Last level dTLB entries: 4KB 512, 2MB 32, 4MB 32, 1GB 0
[    0.026842] Spectre V1 : Mitigation: usercopy/swapgs barriers and __user pointer sanitization
[    0.028004] Spectre V2 : Mitigation: Full generic retpoline
[    0.029200] Spectre V2 : Spectre v2 / SpectreRSB mitigation: Filling RSB on context switch
[    0.032003] Speculative Store Bypass: Vulnerable
[    0.033048] MDS: Mitigation: Clear CPU buffers
[    0.034209] Freeing SMP alternatives memory: 36K
[    0.145884] smpboot: CPU0: Intel(R) Core(TM) i5-3317U CPU @ 1.70GHz (family: 0x6, model: 0x3a, stepping: 0x9)
[    0.148127] Performance Events: unsupported p6 CPU model 58 no PMU driver, software events only.
[    0.149984] Hierarchical SRCU implementation.
[    0.152756] NMI watchdog: Perf event create on CPU 0 failed with -2
[    0.154054] NMI watchdog: Perf NMI watchdog permanently disabled
[    0.156143] smp: Bringing up secondary CPUs ...
[    0.158684] x86: Booting SMP configuration:
[    0.160009] .... node  #0, CPUs:      #1
[    0.004000] kvm-clock: cpu 1, msr 0:be744041, secondary cpu clock
[    0.167021] smp: Brought up 1 node, 2 CPUs
[    0.168008] smpboot: Max logical packages: 1
[    0.168910] smpboot: Total of 2 processors activated (6784.63 BogoMIPS)
[    0.170490] devtmpfs: initialized
[    0.170490] x86/mm: Memory block size: 128MB
[    0.172376] evm: security.selinux
[    0.173357] evm: security.SMACK64
[    0.174298] evm: security.SMACK64EXEC
[    0.175329] evm: security.SMACK64TRANSMUTE
[    0.176004] evm: security.SMACK64MMAP
[    0.177060] evm: security.apparmor
[    0.177999] evm: security.ima
[    0.178860] evm: security.capability
[    0.180164] clocksource: jiffies: mask: 0xffffffff max_cycles: 0xffffffff, max_idle_ns: 7645041785100000 ns
[    0.184033] futex hash table entries: 512 (order: 3, 32768 bytes)
[    0.185849] pinctrl core: initialized pinctrl subsystem
[    0.188142] RTC time: 22:19:38, date: 11/30/19
[    0.189628] NET: Registered protocol family 16
[    0.190962] audit: initializing netlink subsys (disabled)
[    0.192054] audit: type=2000 audit(1575152384.034:1): state=initialized audit_enabled=0 res=1
[    0.196025] cpuidle: using governor ladder
[    0.197479] cpuidle: using governor menu
[    0.200126] ACPI: bus type PCI registered
[    0.201496] acpiphp: ACPI Hot Plug PCI Controller Driver version: 0.5
[    0.203772] PCI: Using configuration type 1 for base access
[    0.208227] HugeTLB registered 2.00 MiB page size, pre-allocated 0 pages
[    0.210059] ACPI: Added _OSI(Module Device)
[    0.212012] ACPI: Added _OSI(Processor Device)
[    0.216010] ACPI: Added _OSI(3.0 _SCP Extensions)
[    0.220004] ACPI: Added _OSI(Processor Aggregator Device)
[    0.221527] ACPI: Added _OSI(Linux-Dell-Video)
[    0.222860] ACPI: Added _OSI(Linux-Lenovo-NV-HDMI-Audio)
[    0.224008] ACPI: Added _OSI(Linux-HPI-Hybrid-Graphics)
[    0.225546] ACPI: Executed 1 blocks of module-level executable AML code
[    0.233268] ACPI: Interpreter enabled
[    0.235936] ACPI: (supports S0 S5)
[    0.236012] ACPI: Using IOAPIC for interrupt routing
[    0.237501] PCI: Using host bridge windows from ACPI; if necessary, use "pci=nocrs" and report a bug
[    0.240366] ACPI: Enabled 2 GPEs in block 00 to 07
[    0.255930] ACPI: PCI Root Bridge [PCI0] (domain 0000 [bus 00-ff])
[    0.256024] acpi PNP0A03:00: _OSC: OS supports [ASPM ClockPM Segments MSI]
[    0.260066] acpi PNP0A03:00: _OSC: not requesting OS control; OS requires [ExtendedConfig ASPM ClockPM MSI]
[    0.264046] acpi PNP0A03:00: fail to add MMCONFIG information, can't access extended PCI configuration space under this bridge.
[    0.272033] PCI host bridge to bus 0000:00
[    0.273182] pci_bus 0000:00: root bus resource [io  0x0000-0x0cf7 window]
[    0.274917] pci_bus 0000:00: root bus resource [io  0x0d00-0xffff window]
[    0.276005] pci_bus 0000:00: root bus resource [mem 0x000a0000-0x000bffff window]
[    0.278049] pci_bus 0000:00: root bus resource [mem 0xbe800000-0xfdffffff window]
[    0.280013] pci_bus 0000:00: root bus resource [bus 00-ff]
[    0.290001] pci 0000:00:01.1: legacy IDE quirk: reg 0x10: [io  0x01f0-0x01f7]
[    0.291472] pci 0000:00:01.1: legacy IDE quirk: reg 0x14: [io  0x03f6]
[    0.292005] pci 0000:00:01.1: legacy IDE quirk: reg 0x18: [io  0x0170-0x0177]
[    0.296006] pci 0000:00:01.1: legacy IDE quirk: reg 0x1c: [io  0x0376]
[    0.368936] pci 0000:00:07.0: quirk: [io  0x4000-0x403f] claimed by PIIX4 ACPI
[    0.372030] pci 0000:00:07.0: quirk: [io  0x4100-0x410f] claimed by PIIX4 SMB
[    0.426185] ACPI: PCI Interrupt Link [LNKA] (IRQs 5 9 10 *11)
[    0.428546] ACPI: PCI Interrupt Link [LNKB] (IRQs 5 9 *10 11)
[    0.430095] ACPI: PCI Interrupt Link [LNKC] (IRQs 5 *9 10 11)
[    0.432191] ACPI: PCI Interrupt Link [LNKD] (IRQs 5 9 10 *11)
[    0.434029] SCSI subsystem initialized
[    0.434990] pci 0000:00:02.0: vgaarb: setting as boot VGA device
[    0.434990] pci 0000:00:02.0: vgaarb: VGA device added: decodes=io+mem,owns=io+mem,locks=none
[    0.436017] pci 0000:00:02.0: vgaarb: bridge control possible
[    0.437257] vgaarb: loaded
[    0.440045] ACPI: bus type USB registered
[    0.440946] usbcore: registered new interface driver usbfs
[    0.442070] usbcore: registered new interface driver hub
[    0.443219] usbcore: registered new device driver usb
[    0.444082] EDAC MC: Ver: 3.0.0
[    0.445229] PCI: Using ACPI for IRQ routing
[    0.448160] NetLabel: Initializing
[    0.449310] NetLabel:  domain hash size = 128
[    0.450607] NetLabel:  protocols = UNLABELED CIPSOv4 CALIPSO
[    0.452024] NetLabel:  unlabeled traffic allowed by default
[    0.453564] clocksource: Switched to clocksource kvm-clock
[    0.469037] VFS: Disk quotas dquot_6.6.0
[    0.470298] VFS: Dquot-cache hash table entries: 512 (order 0, 4096 bytes)
[    0.472259] AppArmor: AppArmor Filesystem Enabled
[    0.473582] pnp: PnP ACPI init
[    0.475967] pnp: PnP ACPI: found 3 devices
[    0.490263] clocksource: acpi_pm: mask: 0xffffff max_cycles: 0xffffff, max_idle_ns: 2085701024 ns
[    0.492974] NET: Registered protocol family 2
[    0.494803] TCP established hash table entries: 32768 (order: 6, 262144 bytes)
[    0.496959] TCP bind hash table entries: 32768 (order: 7, 524288 bytes)
[    0.498383] TCP: Hash tables configured (established 32768 bind 32768)
[    0.499745] UDP hash table entries: 2048 (order: 4, 65536 bytes)
[    0.501002] UDP-Lite hash table entries: 2048 (order: 4, 65536 bytes)
[    0.502346] NET: Registered protocol family 1
[    0.503276] pci 0000:00:00.0: Limiting direct PCI/PCI transfers
[    0.504518] pci 0000:00:01.0: Activating ISA DMA hang workarounds
[    0.505794] pci 0000:00:02.0: Video device with shadowed ROM at [mem 0x000c0000-0x000dffff]
[    0.507624] Unpacking initramfs...
[    0.827167] Freeing initrd memory: 19148K
[    0.848738] clocksource: tsc: mask: 0xffffffffffffffff max_cycles: 0x1872f9e1c07, max_idle_ns: 440795251747 ns
[    0.850788] platform rtc_cmos: registered platform RTC device (no PNP device found)
[    0.852394] Scanning for low memory corruption every 60 seconds
[    0.854409] Initialise system trusted keyrings
[    0.855374] Key type blacklist registered
[    0.856322] workingset: timestamp_bits=36 max_order=20 bucket_order=0
[    0.858893] zbud: loaded
[    0.860576] squashfs: version 4.0 (2009/01/31) Phillip Lougher
[    0.867844] fuse init (API version 7.26)
[    0.872314] Key type asymmetric registered
[    0.873557] Asymmetric key parser 'x509' registered
[    0.875014] Block layer SCSI generic (bsg) driver version 0.4 loaded (major 246)
[    0.878450] io scheduler noop registered
[    0.879626] io scheduler deadline registered
[    0.880880] io scheduler cfq registered (default)
[    0.882634] ACPI: AC Adapter [AC] (on-line)
[    0.883839] input: Power Button as /devices/LNXSYSTM:00/LNXPWRBN:00/input/input0
[    0.885988] ACPI: Power Button [PWRF]
[    0.887119] input: Sleep Button as /devices/LNXSYSTM:00/LNXSLPBN:00/input/input1
[    0.889232] ACPI: Sleep Button [SLPF]
[    0.891707] ACPI: Battery Slot [BAT0] (battery present)
[    0.892230] Serial: 8250/16550 driver, 32 ports, IRQ sharing enabled
[    1.002386] 00:02: ttyS0 at I/O 0x3f8 (irq = 4, base_baud = 115200) is a 16550A
[    1.021760] Linux agpgart interface v0.103
[    1.024316] loop: module loaded
[    1.025902] scsi host0: ata_piix
[    1.027176] scsi host1: ata_piix
[    1.048971] ata1: PATA max UDMA/33 cmd 0x1f0 ctl 0x3f6 bmdma 0xd000 irq 14
[    1.054038] ata2: PATA max UDMA/33 cmd 0x170 ctl 0x376 bmdma 0xd008 irq 15
[    1.056069] libphy: Fixed MDIO Bus: probed
[    1.057358] tun: Universal TUN/TAP device driver, 1.6
[    1.058831] PPP generic driver version 2.4.2
[    1.099413] ehci_hcd: USB 2.0 'Enhanced' Host Controller (EHCI) Driver
[    1.101266] ehci-pci: EHCI PCI platform driver
[    1.102580] ehci-platform: EHCI generic platform driver
[    1.104015] ohci_hcd: USB 1.1 'Open' Host Controller (OHCI) Driver
[    1.105689] ohci-pci: OHCI PCI platform driver
[    1.106991] ohci-platform: OHCI generic platform driver
[    1.108483] uhci_hcd: USB Universal Host Controller Interface driver
[    1.110351] i8042: PNP: PS/2 Controller [PNP0303:PS2K,PNP0f03:PS2M] at 0x60,0x64 irq 1,12
[    1.130007] serio: i8042 KBD port at 0x60,0x64 irq 1
[    1.131420] serio: i8042 AUX port at 0x60,0x64 irq 12
[    1.132949] mousedev: PS/2 mouse device common for all mice
[    1.134734] input: AT Translated Set 2 keyboard as /devices/platform/i8042/serio0/input/input2
[    1.137725] rtc_cmos rtc_cmos: rtc core: registered rtc_cmos as rtc0
[    1.140725] rtc_cmos rtc_cmos: alarms up to one day, 114 bytes nvram
[    1.144132] i2c /dev entries driver
[    1.146663] device-mapper: uevent: version 1.0.3
[    1.150423] device-mapper: ioctl: 4.37.0-ioctl (2017-09-20) initialised: dm-devel@redhat.com
[    1.152225] ledtrig-cpu: registered to indicate activity on CPUs
[    1.154099] NET: Registered protocol family 10
[    1.163271] Segment Routing with IPv6
[    1.164867] NET: Registered protocol family 17
[    1.166595] Key type dns_resolver registered
[    1.168569] mce: Using 0 MCE banks
[    1.169862] RAS: Correctable Errors collector initialized.
[    1.171520] sched_clock: Marking stable (1168510907, 0)->(1731576708, -563065801)
[    1.174075] registered taskstats version 1
[    1.174995] Loading compiled-in X.509 certificates
[    1.179938] Loaded X.509 cert 'Build time autogenerated kernel key: 1859b0531897959199376c446a0bd70df75fd1fc'
[    1.182133] zswap: loaded using pool lzo/zbud
[    1.191870] Key type big_key registered
[    1.192876] Key type trusted registered
[    1.201710] Key type encrypted registered
[    1.202726] AppArmor: AppArmor sha1 policy hashing enabled
[    1.203913] ima: No TPM chip found, activating TPM-bypass! (rc=-19)
[    1.205312] ima: Allocated hash algorithm: sha1
[    1.206392] evm: HMAC attrs: 0x1
[    1.207534]   Magic number: 11:891:351
[    1.208670] rtc_cmos rtc_cmos: setting system clock to 2019-11-30 22:19:39 UTC (1575152379)
[    1.216230] BIOS EDD facility v0.16 2004-Jun-25, 0 devices found
[    1.218147] EDD information not available.
[    1.222910] Freeing unused kernel image memory: 2432K
[    1.248196] Write protecting the kernel read-only data: 20480k
[    1.251235] Freeing unused kernel image memory: 2008K
[    1.261413] Freeing unused kernel image memory: 1880K
[    1.275618] x86/mm: Checked W+X mappings: passed, no W+X pages found.
[    1.277657] x86/mm: Checking user space page tables
[    1.293158] x86/mm: Checked W+X mappings: passed, no W+X pages found.
Loading, please wait...
starting version 237
[    1.627198] e1000: Intel(R) PRO/1000 Network Driver - version 7.3.21-k8-NAPI
[    1.639912] e1000: Copyright (c) 1999-2006 Intel Corporation.
[    1.674556] Fusion MPT base driver 3.04.20
[    1.676129] Copyright (c) 1999-2008 LSI Corporation
[    1.695768] AVX version of gcm_enc/dec engaged.
[    1.696904] AES CTR mode by8 optimization enabled
[    1.708198] Fusion MPT SPI Host driver 3.04.20
[    1.878491] input: ImExPS/2 Generic Explorer Mouse as /devices/platform/i8042/serio1/input/input4
[    2.100006] e1000 0000:00:03.0 eth0: (PCI:33MHz:32-bit) 02:83:96:c1:64:f9
[    2.109601] e1000 0000:00:03.0 eth0: Intel(R) PRO/1000 Network Connection
[    2.112187] mptbase: ioc0: Initiating bringup
[    2.209226] ioc0: LSI53C1030 A0: Capabilities={Initiator}
[    2.476457] scsi host2: ioc0: LSI53C1030 A0, FwRev=00000000h, Ports=1, MaxQ=256, IRQ=20
[    2.650083] scsi 2:0:0:0: Direct-Access     VBOX     HARDDISK         1.0  PQ: 0 ANSI: 5
[    2.692663] scsi target2:0:0: Beginning Domain Validation
[    2.704495] scsi target2:0:0: Domain Validation skipping write tests
[    2.706373] scsi target2:0:0: Ending Domain Validation
[    2.707991] scsi target2:0:0: asynchronous
[    2.710123] scsi 2:0:1:0: Direct-Access     VBOX     HARDDISK         1.0  PQ: 0 ANSI: 5
[    2.972047] scsi target2:0:1: Beginning Domain Validation
[    2.977367] random: fast init done
[    2.978563] scsi target2:0:1: Domain Validation skipping write tests
[    2.980470] scsi target2:0:1: Ending Domain Validation
[    2.982056] scsi target2:0:1: asynchronous
[    2.988261] sd 2:0:0:0: Attached scsi generic sg0 type 0
[    2.989569] sd 2:0:0:0: [sda] 62914560 512-byte logical blocks: (32.2 GB/30.0 GiB)
[    2.991395] sd 2:0:0:0: [sda] Write Protect is off
[    2.992312] random: systemd-udevd: uninitialized urandom read (16 bytes read)
[    3.000865] random: systemd-udevd: uninitialized urandom read (16 bytes read)
[    3.001025] sd 2:0:1:0: Attached scsi generic sg1 type 0
[    3.007759] sd 2:0:0:0: [sda] Incomplete mode parameter data
[    3.014459] sd 2:0:0:0: [sda] Assuming drive cache: write through
[    3.016751] sd 2:0:1:0: [sdb] 20480 512-byte logical blocks: (10.5 MB/10.0 MiB)
[    3.019044] sd 2:0:1:0: [sdb] Write Protect is off
[    3.020611] random: systemd-udevd: uninitialized urandom read (16 bytes read)
[    3.022856] sd 2:0:1:0: [sdb] Incomplete mode parameter data
[    3.024582] sd 2:0:1:0: [sdb] Assuming drive cache: write through
[    3.051960]  sda: sda1
[    3.054879] sd 2:0:0:0: [sda] Attached SCSI disk
[    3.080347] sd 2:0:1:0: [sdb] Attached SCSI disk
[    3.090054] e1000 0000:00:08.0 eth1: (PCI:33MHz:32-bit) 08:00:27:c3:43:f4
[    3.100663] e1000 0000:00:08.0 eth1: Intel(R) PRO/1000 Network Connection
[    3.103831] e1000 0000:00:03.0 enp0s3: renamed from eth0
[    3.120341] e1000 0000:00:08.0 enp0s8: renamed from eth1
Begin: Loading essential drivers ... [    4.688212] raid6: sse2x1   gen()  5668 MB/s
[    4.788226] raid6: sse2x1   xor()  5697 MB/s
[    4.838184] raid6: sse2x2   gen()  8982 MB/s
[    4.888205] raid6: sse2x2   xor()  6320 MB/s
[    4.936869] raid6: sse2x4   gen() 10372 MB/s
[    4.988206] raid6: sse2x4   xor()  7638 MB/s
[    4.989479] raid6: using algorithm sse2x4 gen() 10372 MB/s
[    4.998558] raid6: .... xor() 7638 MB/s, rmw enabled
[    4.999977] raid6: using ssse3x2 recovery algorithm
[    5.002813] xor: automatically using best checksumming function   avx       
[    5.006245] async_tx: api initialized (async)
done.
Begin: Running /scripts/init-premount ... done.
Begin: Mounting root file system ... Begin: Running /scripts/local-top ... done.
Begin: Running /scripts/local-premount ... [    5.068834] Btrfs loaded, crc32c=crc32c-intel
Scanning for Btrfs filesystems
done.
Warning: fsck not present, so skipping root file system
[    5.113633] EXT4-fs (sda1): INFO: recovery required on readonly filesystem
[    5.118456] EXT4-fs (sda1): write access will be enabled during recovery
[    5.337746] EXT4-fs (sda1): orphan cleanup on readonly fs
[    5.359389] EXT4-fs (sda1): 7 orphan inodes deleted
[    5.396496] EXT4-fs (sda1): recovery complete
[    5.401056] EXT4-fs (sda1): mounted filesystem with ordered data mode. Opts: (null)
done.
Begin: Running /scripts/local-bottom ... done.
Begin: Running /scripts/init-bottom ... done.
[    6.478601] ip_tables: (C) 2000-2006 Netfilter Core Team
[    6.601039] systemd[1]: systemd 237 running in system mode. (+PAM +AUDIT +SELINUX +IMA +APPARMOR +SMACK +SYSVINIT +UTMP +LIBCRYPTSETUP +GCRYPT +GNUTLS +ACL +XZ +LZ4 +SECCOMP +BLKID +ELFUTILS +KMOD -IDN2 +IDN -PCRE2 default-hierarchy=hybrid)
[    6.622549] systemd[1]: Detected virtualization oracle.
[    6.623711] systemd[1]: Detected architecture x86-64.

Welcome to [1mUbuntu 18.04.3 LTS[0m!

[    6.680663] systemd[1]: Set hostname to <ubuntu-bionic>.
[    7.743965] random: crng init done
[    7.750460] random: 7 urandom warning(s) missed due to ratelimiting
[    8.839119] systemd[1]: Reached target System Time Synchronized.
[[0;32m  OK  [0m] Reached target System Time Synchronized.
[    8.847625] systemd[1]: Reached target Swap.
[[0;32m  OK  [0m] Reached target Swap.
[    8.850484] systemd[1]: Set up automount Arbitrary Executable File Formats File System Automount Point.
[[0;32m  OK  [0m] Set up automount Arbitrary Executab…rmats File System Automount Point.
[    8.857360] systemd[1]: Created slice System Slice.
[[0;32m  OK  [0m] Created slice System Slice.
[    8.863454] systemd[1]: Listening on Syslog Socket.
[[0;32m  OK  [0m] Listening on Syslog Socket.
[    8.890616] systemd[1]: Listening on Journal Audit Socket.
[[0;32m  OK  [0m] Listening on Journal Audit Socket.
[[0;32m  OK  [0m] Listening on Journal Socket.
         Mounting Huge Pages File System...
         Mounting Kernel Debug File System...
[[0;32m  OK  [0m] Listening on Journal Socket (/dev/log).
         Starting Journal Service...
         Mounting POSIX Message Queue File System...
         Starting Create list of required st…ce nodes for the current kernel...
[[0;32m  OK  [0m] Listening on Network Service Netlink Socket.
         Starting Uncomplicated firewall...
[[0;32m  OK  [0m] Listening on Device-mapper event daemon FIFOs.
[[0;32m  OK  [0m] Listening on udev Control Socket.
         Starting Load Kernel Modules...
[[0;32m  OK  [0m] Created slice system-serial\x2dgetty.slice.
[[0;32m  OK  [0m] Listening on udev Kernel Socket.
         Starting udev Coldplug all Devices...
[[0;32m  OK  [0m] Listening on LVM2 poll daemon socket.
[[0;32m  OK  [0m] Reached target User and Group Name Lookups.
         Starting Set the console keyboard layout...
[[0;32m  OK  [0m] Started Forward Password Requests to Wall Directory Watch.
[[0;32m  OK  [0m] Listening on /dev/initctl Compatibility Named Pipe.
[[0;32m  OK  [0m] Created slice User and Session Slice.
[[0;32m  OK  [0m] Reached target Slices.
[[0;32m  OK  [0m] Listening on LVM2 metadata daemon socket.
         Starting Monitoring of LVM2 mirrors…ng dmeventd or progress polling...
         Starting Remount Root and Kernel File Systems...
[    9.089504] Loading iSCSI transport class v2.0-870.
[[0;32m  OK  [0m] Started Journal Service.
[[0;32m  OK  [0m] Mounted Huge Pages File System.
[[0;32m  OK  [0m] Mounted Kernel Debug File System.
[[0;32m  OK  [0m] Mounted POSIX Message Queue File System.
[[0;32m  OK  [0m] Started Create list of required sta…vice nodes for the current kernel.
[[0;32m  OK  [0m] Started Uncomplicated firewall.
         Starting Create Static Device Nodes in /dev...
[    9.115958] iscsi: registered transport (tcp)
[[0;32m  OK  [0m] Started udev Coldplug all Devices.
[[0;32m  OK  [0m] Started LVM2 metadata daemon.
[    9.656832] iscsi: registered transport (iser)
[[0;32m  OK  [0m] Started Load Kernel Modules.
         Mounting Kernel Configuration File System...
         Starting Apply Kernel Variables...
         Mounting FUSE Control File System...
[[0;32m  OK  [0m] Mounted Kernel Configuration File System.
[[0;32m  OK  [0m] Mounted FUSE Control File System.
[[0;32m  OK  [0m] Started Crea[    9.785683] EXT4-fs (sda1): re-mounted. Opts: (null)
te Static Device Nodes in /dev.
[[0;32m  OK  [0m] Started Remount Root and Kernel File Systems.
         Starting Load/Save Random Seed...
         Starting Flush Journal to Persistent Storage...
         Starting udev Kernel Device Manager...
[[0;32m  OK  [0m] Started Load/Save Random Seed.
[    9.956290] systemd-journald[385]: Received request to flush runtime journal from PID 1
[[0;32m  OK  [0m] Started Monitoring of LVM2 mirrors,…sing dmeventd or progress polling.
[[0;32m  OK  [0m] Started Set the console keyboard layout.
[[0;32m  OK  [0m] Reached target Local File Systems (Pre).
[[0;32m  OK  [0m] Reached target Local File Systems.
         Starting Tell Plymouth To Write Out Runtime Data...
         Starting ebtables ruleset management...
         Starting AppArmor initialization...
         Starting Set console font and keymap...
[[0;32m  OK  [0m] Started Apply Kernel Variables.
[[0;32m  OK  [0m] Started udev Kernel Device Manager.
[[0;32m  OK  [0m] Started Dispatch Password Requests to Console Directory Watch.
[[0;32m  OK  [0m] Reached target Local Encrypted Volumes.
[[0;32m  OK  [0m] Started Tell Plymouth To Write Out Runtime Data.
[[0;32m  OK  [0m] Started Set console font and keymap.
[[0;32m  OK  [0m] Started Flush Journal to Persistent Storage.
         Starting Create Volatile Files and Directories...
[[0;32m  OK  [0m] Found device /dev/ttyS0.
[[0;32m  OK  [0m] Started ebtables ruleset management.
[[0;32m  OK  [0m] Started Create Volatile Files and Directories.
         Starting Update UTMP about System Boot/Shutdown...
[[0;32m  OK  [0m] Listening on Load/Save RF Kill Switch Status /dev/rfkill Watch.
[[0;32m  OK  [0m] Started Update UTMP about System Boot/Shutdown.
[[0;32m  OK  [0m] Started AppArmor initialization.
         Starting Initial cloud-init job (pre-networking)...
[   17.313503] cloud-init[533]: Cloud-init v. 19.2-36-g059d049c-0ubuntu2~18.04.1 running 'init-local' at Sat, 30 Nov 2019 22:19:55 +0000. Up 16.74 seconds.
[[0;32m  OK  [0m] Started Initial cloud-init job (pre-networking).
[[0;32m  OK  [0m] Reached target Network (Pre).
         Starting Network Service...
[[0;32m  OK  [0m] Started Network Service.
         Starting Network Name Resolution...
         Starting Wait for Network to be Configured...
[[0;32m  OK  [0m] Started Network Name Resolution.
[[0;32m  OK  [0m] Reached target Host and Network Name Lookups.
[[0;32m  OK  [0m] Reached target Network.
[[0;32m  OK  [0m] Started Wait for Network to be Configured.
         Starting Initial cloud-init job (metadata service crawler)...
[   20.490858] cloud-init[667]: Cloud-init v. 19.2-36-g059d049c-0ubuntu2~18.04.1 running 'init' at Sat, 30 Nov 2019 22:19:58 +0000. Up 20.21 seconds.
[   20.502186] cloud-init[667]: ci-info: ++++++++++++++++++++++++++++++++++++++Net device info+++++++++++++++++++++++++++++++++++++++
[   20.505382] cloud-init[667]: ci-info: +--------+------+-----------------------------+---------------+--------+-------------------+
[   20.513835] cloud-init[667]: ci-info: | Device |  Up  |           Address           |      Mask     | Scope  |     Hw-Address    |
[   20.516860] cloud-init[667]: ci-info: +--------+------+-----------------------------+---------------+--------+-------------------+
[   20.520995] cloud-init[667]: ci-info: | enp0s3 | True |          10.0.2.15          | 255.255.255.0 | global | 02:83:96:c1:64:f9 |
[   20.528376] cloud-init[667]: ci-info: | enp0s3 | True |  fe80::83:96ff:fec1:64f9/64 |       .       |  link  | 02:83:96:c1:64:f9 |
[   20.532445] cloud-init[667]: ci-info: | enp0s8 | True |        192.168.33.10        | 255.255.255.0 | global | 08:00:27:c3:43:f4 |
[   20.535289] cloud-init[667]: ci-info: | enp0s8 | True | fe80::a00:27ff:fec3:43f4/64 |       .       |  link  | 08:00:27:c3:43:f4 |
[   20.560349] cloud-init[667]: ci-info: |   lo   | True |          127.0.0.1          |   255.0.0.0   |  host  |         .         |
[   20.596927] cloud-init[667]: ci-info: |   lo   | True |           ::1/128           |       .       |  host  |         .         |
[   20.603059] cloud-init[667]: ci-info: +--------+------+-----------------------------+---------------+--------+-------------------+
[   20.620250] cloud-init[667]: ci-info: +++++++++++++++++++++++++++++Route IPv4 info+++++++++++++++++++++++++++++
[   20.639688] cloud-init[667]: ci-info: +-------+--------------+----------+-----------------+-----------+-------+
[   20.641888] cloud-init[667]: ci-info: | Route | Destination  | Gateway  |     Genmask     | Interface | Flags |
[   20.661212] cloud-init[667]: ci-info: +-------+--------------+----------+-----------------+-----------+-------+
[   20.665032] cloud-init[667]: ci-info: |   0   |   0.0.0.0    | 10.0.2.2 |     0.0.0.0     |   enp0s3  |   UG  |
[   20.672173] cloud-init[667]: ci-info: |   1   |   10.0.2.0   | 0.0.0.0  |  255.255.255.0  |   enp0s3  |   U   |
[   20.674672] cloud-init[667]: ci-info: |   2   |   10.0.2.2   | 0.0.0.0  | 255.255.255.255 |   enp0s3  |   UH  |
[   20.682302] cloud-init[667]: ci-info: |   3   | 192.168.33.0 | 0.0.0.0  |  255.255.255.0  |   enp0s8  |   U   |
[   20.691356] cloud-init[667]: ci-info: +-------+--------------+----------+-----------------+-----------+-------+
[   20.705169] cloud-init[667]: ci-info: +++++++++++++++++++Route IPv6 info+++++++++++++++++++
[   20.706815] cloud-init[667]: ci-info: +-------+-------------+---------+-----------+-------+
[   20.708485] cloud-init[667]: ci-info: | Route | Destination | Gateway | Interface | Flags |
[   20.725729] cloud-init[667]: ci-info: +-------+-------------+---------+-----------+-------+
[   20.728833] cloud-init[667]: ci-info: |   1   |  fe80::/64  |    ::   |   enp0s8  |   U   |
[   20.731478] cloud-init[667]: ci-info: |   2   |  fe80::/64  |    ::   |   enp0s3  |   U   |
[   20.733633] cloud-init[667]: ci-info: |   4   |    local    |    ::   |   enp0s3  |   U   |
[   20.735875] cloud-init[667]: ci-info: |   5   |    local    |    ::   |   enp0s8  |   U   |
[   20.737979] cloud-init[667]: ci-info: |   6   |   ff00::/8  |    ::   |   enp0s8  |   U   |
[   20.740609] cloud-init[667]: ci-info: |   7   |   ff00::/8  |    ::   |   enp0s3  |   U   |
[   20.742276] cloud-init[667]: ci-info: +-------+-------------+---------+-----------+-------+
[[0;32m  OK  [0m] Started Initial cloud-init job (metadata service crawler).
[[0;32m  OK  [0m] Reached target Cloud-config availability.
[[0;32m  OK  [0m] Reached target System Initialization.
[[0;32m  OK  [0m] Started Message of the Day.
[[0;32m  OK  [0m] Listening on D-Bus System Message Bus Socket.
[[0;32m  OK  [0m] Started ACPI Events Check.
[[0;32m  OK  [0m] Reached target Paths.
[[0;32m  OK  [0m] Started Discard unused blocks once a week.
[[0;32m  OK  [0m] Started Daily apt download activities.
[[0;32m  OK  [0m] Started Daily apt upgrade and clean activities.
[[0;32m  OK  [0m] Listening on Open-iSCSI iscsid Socket.
         Starting Socket activation for snappy daemon.
[[0;32m  OK  [0m] Listening on ACPID Listen Socket.
[[0;32m  OK  [0m] Started Daily Cleanup of Temporary Directories.
[[0;32m  OK  [0m] Reached target Timers.
         Starting LXD - unix socket.
[[0;32m  OK  [0m] Listening on UUID daemon activation socket.
         Starting Docker Socket for the API.
[[0;32m  OK  [0m] Reached target Network is Online.
         Starting Availability of block devices...
[[0;32m  OK  [0m] Reached target Remote File Systems (Pre).
[[0;32m  OK  [0m] Reached target Remote File Systems.
[[0;32m  OK  [0m] Listening on Socket activation for snappy daemon.
[[0;32m  OK  [0m] Listening on LXD - unix socket.
[[0;32m  OK  [0m] Listening on Docker Socket for the API.
[[0;32m  OK  [0m] Started Availability of block devices.
[[0;32m  OK  [0m] Reached target Sockets.
[[0;32m  OK  [0m] Reached target Basic System.
         Starting Permit User Sessions...
         Starting LSB: automatic crash report generation...
[[0;32m  OK  [0m] Started D-Bus System Message Bus.
         Starting Accounts Service...
         Starting LSB: Linux init script for swapspace...
         Starting LXD - container startup/shutdown...
         Starting Virtualbox guest utils...
[[0;32m  OK  [0m] Started Regular background program processing daemon.
[[0;32m  OK  [0m] Started FUSE filesystem for LXC.
[[0;32m  OK  [0m] Started Deferred execution scheduler.
         Starting Dispatcher daemon for systemd-networkd...
         Starting LSB: Start Jenkins at boot time...
         Starting LSB: Record successful boot for GRUB...
         Starting containerd container runtime...
[[0;32m  OK  [0m] Started irqbalance daemon.
         Starting MySQL Community Server...
         Starting Login Service...
         Starting System Logging Service...
         Starting OpenBSD Secure Shell server...
         Starting Snappy daemon...
[[0;32m  OK  [0m] Started Permit User Sessions.
[[0;32m  OK  [0m] Started containerd container runtime.
[[0;32m  OK  [0m] Started System Logging Service.
[[0;32m  OK  [0m] Started Login Service.
[[0;32m  OK  [0m] Started Unattended Upgrades Shutdown.
         Starting Authorization Manager...
         Starting Docker Application Container Engine...
         Starting Terminate Plymouth Boot Screen...
         Starting Hold until boot process finishes up...
[[0;32m  OK  [0m] Started Hold until boot process finishes up.
[[0;32m  OK  [0m] Started Terminate Plymouth Boot Screen.
[[0;32m  OK  [0m] Started Serial Getty on ttyS0.
         Starting Set console scheme...
[[0;32m  OK  [0m] Started LSB: automatic crash report generation.
[[0;32m  OK  [0m] Started Set console scheme.
[[0;32m  OK  [0m] Created slice system-getty.slice.
[[0;32m  OK  [0m] Started Getty on tty1.
[[0;32m  OK  [0m] Reached target Login Prompts.
[[0;32m  OK  [0m] Started LSB: Record successful boot for GRUB.
[[0;32m  OK  [0m] Started Authorization Manager.
[[0;32m  OK  [0m] Started Accounts Service.
[[0;32m  OK  [0m] Started Virtualbox guest utils.
[[0;32m  OK  [0m] Started Dispatcher daemon for systemd-networkd.
[[0;32m  OK  [0m] Started OpenBSD Secure Shell server.

Ubuntu 18.04.3 LTS ubuntu-bionic ttyS0

ubuntu-bionic login: [   34.921067] cloud-init[1381]: Cloud-init v. 19.2-36-g059d049c-0ubuntu2~18.04.1 running 'modules:config' at Sat, 30 Nov 2019 22:20:12 +0000. Up 34.56 seconds.
[   54.645583] cloud-init[2301]: Cloud-init v. 19.2-36-g059d049c-0ubuntu2~18.04.1 running 'modules:final' at Sat, 30 Nov 2019 22:20:32 +0000. Up 54.32 seconds.
[   54.647012] cloud-init[2301]: Cloud-init v. 19.2-36-g059d049c-0ubuntu2~18.04.1 finished at Sat, 30 Nov 2019 22:20:32 +0000. Datasource DataSourceNoCloud [seed=/dev/sdb][dsmode=net].  Up 54.62 seconds
[[0;32m  OK  [0m] Closed Load/Save RF Kill Switch Status /dev/rfkill Watch.
[[0;32m  OK  [0m] Stopped target Timers.
[[0;32m  OK  [0m] Stopped Discard unused blocks once a week.
[[0;32m  OK  [0m] Stopped target Graphical Interface.
         Stopping Accounts Service...
         Stopping Authorization Manager...
         Stopping Session c1 of user jenkins.
         Stopping Session 9 of user vagrant.
[[0;32m  OK  [0m] Stopped Daily Cleanup of Temporary Directories.
[[0;32m  OK  [0m] Stopped Daily apt upgrade and clean activities.
[[0;32m  OK  [0m] Stopped Daily apt download activities.
         Stopping User Manager for UID 112...
         Stopping User Manager for UID 1000...
[[0;32m  OK  [0m] Stopped Message of the Day.
[[0;32m  OK  [0m] Stopped target System Time Synchronized.
         Stopping Availability of block devices...
         Stopping Session 7 of user vagrant.
[[0;32m  OK  [0m] Stopped target Cloud-init target.
[[0;32m  OK  [0m] Stopped Execute cloud user/final scripts.
[[0;32m  OK  [0m] Stopped Apply the settings specified in cloud-config.
[[0;32m  OK  [0m] Stopped target Cloud-config availability.
[[0;32m  OK  [0m] Stopped target Multi-User System.
         Stopping FUSE filesystem for LXC...
         Stopping LXD - container startup/shutdown...
         Stopping Dispatcher daemon for systemd-networkd...
         Stopping OpenBSD Secure Shell server...
         Stopping MySQL Community Server...
         Stopping LSB: automatic crash report generation...
         Stopping LSB: Linux init script for swapspace...
         Stopping LSB: Record successful boot for GRUB...
         Stopping D-Bus System Message Bus...
         Stopping Docker Application Container Engine...
         Stopping Virtualbox guest utils...
         Stopping Regr[[0;32m  OK  [0m] Stopped Regular background program processing daemon.
[[0;32m  OK  [0m] Stopped Dispatcher daemon for systemd-networkd.
[[0;32m  OK  [0m] Stopped Authorization Manager.
[[0;32m  OK  [0m] Stopped Serial Getty on ttyS0.
[[0;32m  OK  [0m] Stopped Getty on tty1.
[[0;32m  OK  [0m] Stopped Session 9 of user vagrant.
[[0;32m  OK  [0m] Removed slice system-getty.slice.
[[0;32m  OK  [0m] Removed slice system-serial\x2dgetty.slice.
[[0;32m  OK  [0m] Stopped LXD - container startup/shutdown.
[[0;32m  OK  [0m] Stopped D-Bus System Message Bus.
[[0;32m  OK  [0m] Stopped User Manager for UID 112.
[[0;32m  OK  [0m] Stopped User Manager for UID 1000.
[[0;32m  OK  [0m] Stopped Session 7 of user vagrant.
[[0;32m  OK  [0m] Removed slice User Slice of vagrant.
[[0;32m  OK  [0m] Unmounted /run/user/1000.
[[0;32m  OK  [0m] Stopped Availability of block devices.
[   [0;31m*[0;1;31m*[0m[0;31m*[0m] (2 of 15) A stop job is running for…Upgrades Shutdown (19s / 30min 2s)[K[    [0;31m*[0;1;31m*[0m] (3 of 15) A stop job is running for… Community Server (20s / 10min 1s)[K[     [0;31m*[0m] (3 of 15) A stop job is running for… Community Server (20s / 10min 1s)[K[    [0;31m*[0;1;31m*[0m] (3 of 15) A stop job is running for… Community Server (21s / 10min 1s)[K[[0;32m  OK  [0m] Unmounted /var/lib/lxcfs.
[[0;32m  OK  [0m] Stopped Deferred execution scheduler.
[[0;32m  OK  [0m] Stopped LSB: Record successful boot for GRUB.
[[0;32m  OK  [0m] Stopped irqbalance daemon.
[[0;32m  OK  [0m] Stopped LSB: Linux init script for swapspace.
[[0;32m  OK  [0m] Stopped LSB: automatic crash report generation.
[[0;32m  OK  [0m] Stopped FUSE filesystem for LXC.
[[0;32m  OK  [0m] Stopped Accounts Service.
[[0;32m  OK  [0m] Stopped Virtualbox guest utils.
[[0;32m  OK  [0m] Stopped OpenBSD Secure Shell server.
[[0;32m  OK  [0m] Stopped System Logging Service.
[   [0;31m*[0;1;31m*[0m[0;31m*[0m] (4 of 5) A stop job is running for … Container Engine (35s / no limit)[K[  [0;31m*[0;1;31m*[0m[0;31m* [0m] (4 of 5) A stop job is running for … Container Engine (35s / no limit)[K[ [0;31m*[0;1;31m*[0m[0;31m*  [0m] (4 of 5) A stop job is running for … Container Engine (36s / no limit)[K[[0;31m*[0;1;31m*[0m[0;31m*   [0m] (5 of 5) A stop job is running for …1 of user jenkins (36s / 1min 30s)[K[[0;1;31m*[0m[0;31m*    [0m] (5 of 5) A stop job is running for …1 of user jenkins (37s / 1min 30s)[K[[0m[0;31m*     [0m] (5 of 5) A stop job is running for …1 of user jenkins (37s / 1min 30s)[K[[0;1;31m*[0m[0;31m*    [0m] (1 of 5) A stop job is running for …nkins at boot time (38s / 5min 2s)[K[[0;31m*[0;1;31m*[0m[0;31m*   [0m] (1 of 5) A stop job is running for …nkins at boot time (38s / 5min 2s)[K[ [0;31m*[0;1;31m*[0m[0;31m*  [0m] (1 of 5) A stop job is running for …nkins at boot time (39s / 5min 2s)[K[  [0;31m*[0;1;31m*[0m[0;31m* [0m] (2 of 5) A stop job is running for …Upgrades Shutdown (39s / 30min 2s)[K[   [0;31m*[0;1;31m*[0m[0;31m*[0m] (2 of 5) A stop job is running for …Upgrades Shutdown (40s / 30min 2s)[K[    [0;31m*[0;1;31m*[0m] (2 of 5) A stop job is running for …Upgrades Shutdown (40s / 30min 2s)[K[     [0;31m*[0m] (3 of 5) A stop job is running for … Community Server (41s / 10min 1s)[K[    [0;31m*[0;1;31m*[0m] (3 of 5) A stop job is running for … Community Server (41s / 10min 1s)[K[   [0;31m*[0;1;31m*[0m[0;31m*[0m] (3 of 5) A stop job is running for … Community Server (42s / 10min 1s)[K[  [0;31m*[0;1;31m*[0m[0;31m* [0m] (4 of 5) A stop job is running for … Container Engine (42s / no limit)[K[[0;32m  OK  [0m] Stopped Docker Application Container Engine.
         Stopping containerd container runtime...
[[0;32m  OK  [0m] Stopped Session c1 of user jenkins.
[[0;32m  OK  [0m] Removed slice User Slice of jenkins.
         Stopping Permit User Sessions...
[[0;32m  OK  [0m] Unmounted /run/user/112.
[[0;32m  OK  [0m] Stopped LSB: Start Jenkins at boot time.
[[0;32m  OK  [0m] Stopped target Network is Online.
[[0;32m  OK  [0m] Stopped Permit User Sessions.
[[0;32m  OK  [0m] Stopped target Remote File Systems.
[[0;32m  OK  [0m] Stopped target Remote File Systems (Pre).
[[0;32m  OK  [0m] Stopped containerd container runtime.
[[0;32m  OK  [0m] Stopped MySQL Community Server.
[[0;32m  OK  [0m] Stopped Unattended Upgrades Shutdown.
         Stopping Login Service...
[[0;32m  OK  [0m] Stopped target Network.
         Stopping Network Name Resolution...
[[0;32m  OK  [0m] Stopped Login Service.
[[0;32m  OK  [0m] Stopped target User and Group Name Lookups.
[[0;32m  OK  [0m] Stopped target Basic System.
[[0;32m  OK  [0m] Stopped target Paths.
[[0;32m  OK  [0m] Stopped ACPI Events Check.
[[0;32m  OK  [0m] Stopped target Slices.
[[0;32m  OK  [0m] Removed slice User and Session Slice.
[[0;32m  OK  [0m] Stopped target Sockets.
[[0;32m  OK  [0m] Closed Syslog Socket.
[[0;32m  OK  [0m] Closed UUID daemon activation socket.
[[0;32m  OK  [0m] Closed D-Bus System Message Bus Socket.
[[0;32m  OK  [0m] Closed ACPID Listen Socket.
[[0;32m  OK  [0m] Closed Open-iSCSI iscsid Socket.
[[0;32m  OK  [0m] Closed LXD - unix socket.
[[0;32m  OK  [0m] Closed Socket activation for snappy daemon.
[[0;32m  OK  [0m] Closed Docker Socket for the API.
[[0;32m  OK  [0m] Stopped target System Initialization.
[[0;32m  OK  [0m] Stopped target Local Encrypted Volumes.
[[0;32m  OK  [0m] Stopped Forward Password Requests to Wall Directory Watch.
[[0;32m  OK  [0m] Stopped Dispatch Password Requests to Console Directory Watch.
[[0;32m  OK  [0m] Stopped Initial cloud-init job (metadata service crawler).
[[0;32m  OK  [0m] Stopped target Swap.
         Deactivating swap /var/lib/swapspace/2...
         Deactivating swap /var/lib/swapspace/3...
         Deactivating swap /var/lib/swapspace/4...
         Stopping Update UTMP about System Boot/Shutdown...
         Stopping Load/Save Random Seed...
[[0;32m  OK  [0m] Stopped Update UTMP about System Boot/Shutdown.
[[0;32m  OK  [0m] Stopped Load/Save Random Seed.
[[0;32m  OK  [0m] Deactivated swap /var/lib/swapspace/4.
[[0;32m  OK  [0m] Stopped Network Name Resolution.
         Stopping Network Service...
[[0;32m  OK  [0m] Stopped Create Volatile Files and Directories.
[[0;32m  OK  [0m] Stopped target Local File Systems.
         Unmounting /run/docker/netns/71987b3a4cd0...
         Unmounting /configs...
         Unmounting /var/lib/docker/overlay2…d6483413b44b25b993a23957/merged...
         Unmounting /vagrant...
[[0;32m  OK  [0m] Unmounted /configs.
[[0;32m  OK  [0m] Unmounted /vagrant.
[[0;32m  OK  [0m] Unmounted /run/docker/netns/71987b3a4cd0.
[[0;32m  OK  [0m] Unmounted /var/lib/docker/overlay2/…aad6483413b44b25b993a23957/merged.
[[0;32m  OK  [0m] Stopped target Local File Systems (Pre).
         Stopping Monitoring of LVM2 mirrors…ng dmeventd or progress polling...
[[0;32m  OK  [0m] Stopped Create Static Device Nodes in /dev.
[[0;32m  OK  [0m] Stopped Network Service.
[[0;32m  OK  [0m] Stopped Apply Kernel Variables.
[[0;32m  OK  [0m] Stopped Load Kernel Modules.
[[0;32m  OK  [0m] Stopped target Network (Pre).
[[0;32m  OK  [0m] Stopped Initial cloud-init job (pre-networking).
[[0;32m  OK  [0m] Stopped Remount Root and Kernel File Systems.
[[0;32m  OK  [0m] Reached target Shutdown.
[[0;32m  OK  [0m] Stopped Monitoring of LVM2 mirrors,…sing dmeventd or progress polling.
         Stopping LVM2 metadata daemon...
[[0;32m  OK  [0m] Stopped LVM2 metadata daemon.
